<?xml version="1.0" encoding="UTF-8"?>
<testsuite xmlns:xsi="http://www.w3.org/2001/XMLSchema-instance" xsi:noNamespaceSchemaLocation="https://maven.apache.org/surefire/maven-surefire-plugin/xsd/surefire-test-report-3.0.xsd" version="3.0" name="TestSuite" time="261.714" tests="6" errors="0" skipped="0" failures="1">
  <properties>
    <property name="java.specification.version" value="15"/>
    <property name="webdriver.chrome.driver" value="C:\Users\A\.cache\selenium\chromedriver\win32\88.0.4324.96\chromedriver.exe"/>
    <property name="sun.cpu.isalist" value="amd64"/>
    <property name="sun.jnu.encoding" value="Cp1252"/>
    <property name="java.class.path" value="c:\Users\A\Documents\VSCode\JavaUICapstoneProject\capstone\target\test-classes;c:\Users\A\Documents\VSCode\JavaUICapstoneProject\capstone\target\classes;C:\Users\A\.m2\repository\org\seleniumhq\selenium\selenium-java\3.141.59\selenium-java-3.141.59.jar;C:\Users\A\.m2\repository\org\seleniumhq\selenium\selenium-api\3.141.59\selenium-api-3.141.59.jar;C:\Users\A\.m2\repository\org\seleniumhq\selenium\selenium-chrome-driver\3.141.59\selenium-chrome-driver-3.141.59.jar;C:\Users\A\.m2\repository\org\seleniumhq\selenium\selenium-edge-driver\3.141.59\selenium-edge-driver-3.141.59.jar;C:\Users\A\.m2\repository\org\seleniumhq\selenium\selenium-firefox-driver\3.141.59\selenium-firefox-driver-3.141.59.jar;C:\Users\A\.m2\repository\org\seleniumhq\selenium\selenium-ie-driver\3.141.59\selenium-ie-driver-3.141.59.jar;C:\Users\A\.m2\repository\org\seleniumhq\selenium\selenium-opera-driver\3.141.59\selenium-opera-driver-3.141.59.jar;C:\Users\A\.m2\repository\org\seleniumhq\selenium\selenium-remote-driver\3.141.59\selenium-remote-driver-3.141.59.jar;C:\Users\A\.m2\repository\org\seleniumhq\selenium\selenium-safari-driver\3.141.59\selenium-safari-driver-3.141.59.jar;C:\Users\A\.m2\repository\org\seleniumhq\selenium\selenium-support\3.141.59\selenium-support-3.141.59.jar;C:\Users\A\.m2\repository\net\bytebuddy\byte-buddy\1.8.15\byte-buddy-1.8.15.jar;C:\Users\A\.m2\repository\org\apache\commons\commons-exec\1.3\commons-exec-1.3.jar;C:\Users\A\.m2\repository\com\google\guava\guava\25.0-jre\guava-25.0-jre.jar;C:\Users\A\.m2\repository\com\google\code\findbugs\jsr305\1.3.9\jsr305-1.3.9.jar;C:\Users\A\.m2\repository\org\checkerframework\checker-compat-qual\2.0.0\checker-compat-qual-2.0.0.jar;C:\Users\A\.m2\repository\com\google\errorprone\error_prone_annotations\2.1.3\error_prone_annotations-2.1.3.jar;C:\Users\A\.m2\repository\com\google\j2objc\j2objc-annotations\1.1\j2objc-annotations-1.1.jar;C:\Users\A\.m2\repository\org\codehaus\mojo\animal-sniffer-annotations\1.14\animal-sniffer-annotations-1.14.jar;C:\Users\A\.m2\repository\com\squareup\okhttp3\okhttp\3.11.0\okhttp-3.11.0.jar;C:\Users\A\.m2\repository\com\squareup\okio\okio\1.14.0\okio-1.14.0.jar;C:\Users\A\.m2\repository\io\github\bonigarcia\webdrivermanager\4.3.1\webdrivermanager-4.3.1.jar;C:\Users\A\.m2\repository\org\slf4j\slf4j-api\1.7.30\slf4j-api-1.7.30.jar;C:\Users\A\.m2\repository\commons-io\commons-io\2.8.0\commons-io-2.8.0.jar;C:\Users\A\.m2\repository\com\google\code\gson\gson\2.8.6\gson-2.8.6.jar;C:\Users\A\.m2\repository\org\apache\commons\commons-lang3\3.11\commons-lang3-3.11.jar;C:\Users\A\.m2\repository\org\apache\httpcomponents\client5\httpclient5\5.0.3\httpclient5-5.0.3.jar;C:\Users\A\.m2\repository\org\apache\httpcomponents\core5\httpcore5\5.0.2\httpcore5-5.0.2.jar;C:\Users\A\.m2\repository\org\apache\httpcomponents\core5\httpcore5-h2\5.0.2\httpcore5-h2-5.0.2.jar;C:\Users\A\.m2\repository\commons-codec\commons-codec\1.13\commons-codec-1.13.jar;C:\Users\A\.m2\repository\org\rauschig\jarchivelib\1.1.0\jarchivelib-1.1.0.jar;C:\Users\A\.m2\repository\org\apache\commons\commons-compress\1.20\commons-compress-1.20.jar;C:\Users\A\.m2\repository\org\jsoup\jsoup\1.13.1\jsoup-1.13.1.jar;C:\Users\A\.m2\repository\org\testng\testng\7.3.0\testng-7.3.0.jar;C:\Users\A\.m2\repository\com\beust\jcommander\1.78\jcommander-1.78.jar;C:\Users\A\.m2\repository\org\apache\ant\ant\1.10.3\ant-1.10.3.jar;C:\Users\A\.m2\repository\org\apache\ant\ant-launcher\1.10.3\ant-launcher-1.10.3.jar;C:\Users\A\.m2\repository\junit\junit\4.12\junit-4.12.jar;C:\Users\A\.m2\repository\org\hamcrest\hamcrest-core\1.3\hamcrest-core-1.3.jar;C:\Users\A\.m2\repository\com\google\inject\guice\4.2.2\guice-4.2.2-no_aop.jar;C:\Users\A\.m2\repository\javax\inject\javax.inject\1\javax.inject-1.jar;C:\Users\A\.m2\repository\aopalliance\aopalliance\1.0\aopalliance-1.0.jar;C:\Users\A\.m2\repository\org\yaml\snakeyaml\1.21\snakeyaml-1.21.jar;C:\Users\A\.m2\repository\io\cucumber\cucumber-testng\6.9.1\cucumber-testng-6.9.1.jar;C:\Users\A\.m2\repository\org\apiguardian\apiguardian-api\1.1.0\apiguardian-api-1.1.0.jar;C:\Users\A\.m2\repository\io\cucumber\cucumber-java\6.9.1\cucumber-java-6.9.1.jar;C:\Users\A\.m2\repository\io\cucumber\cucumber-core\6.10.0\cucumber-core-6.10.0.jar;C:\Users\A\.m2\repository\io\cucumber\cucumber-gherkin\6.10.0\cucumber-gherkin-6.10.0.jar;C:\Users\A\.m2\repository\io\cucumber\cucumber-gherkin-messages\6.10.0\cucumber-gherkin-messages-6.10.0.jar;C:\Users\A\.m2\repository\io\cucumber\messages\14.0.1\messages-14.0.1.jar;C:\Users\A\.m2\repository\io\cucumber\tag-expressions\3.0.0\tag-expressions-3.0.0.jar;C:\Users\A\.m2\repository\io\cucumber\cucumber-expressions\10.3.0\cucumber-expressions-10.3.0.jar;C:\Users\A\.m2\repository\io\cucumber\datatable\3.5.0\datatable-3.5.0.jar;C:\Users\A\.m2\repository\io\cucumber\cucumber-plugin\6.10.0\cucumber-plugin-6.10.0.jar;C:\Users\A\.m2\repository\io\cucumber\docstring\6.10.0\docstring-6.10.0.jar;C:\Users\A\.m2\repository\io\cucumber\html-formatter\12.0.0\html-formatter-12.0.0.jar;C:\Users\A\.m2\repository\io\cucumber\create-meta\3.0.0\create-meta-3.0.0.jar;"/>
    <property name="java.vm.vendor" value="Oracle Corporation"/>
    <property name="sun.arch.data.model" value="64"/>
    <property name="user.variant" value=""/>
    <property name="java.vendor.url" value="https://java.oracle.com/"/>
    <property name="user.timezone" value="America/Chicago"/>
    <property name="os.name" value="Windows 10"/>
    <property name="java.vm.specification.version" value="15"/>
    <property name="sun.java.launcher" value="SUN_STANDARD"/>
    <property name="user.country" value="US"/>
    <property name="sun.boot.library.path" value="C:\Program Files\Java\jdk-15.0.1\bin"/>
    <property name="sun.java.command" value="C:\Users\A\AppData\Local\Temp\surefire3630693772442901620\surefirebooter319976051018573168.jar C:\Users\A\AppData\Local\Temp\surefire3630693772442901620 2021-02-16T16-17-26_543-jvmRun1 surefire4717027338170264957tmp surefire_06707613656701697709tmp"/>
    <property name="jdk.debug" value="release"/>
    <property name="surefire.test.class.path" value="c:\Users\A\Documents\VSCode\JavaUICapstoneProject\capstone\target\test-classes;c:\Users\A\Documents\VSCode\JavaUICapstoneProject\capstone\target\classes;C:\Users\A\.m2\repository\org\seleniumhq\selenium\selenium-java\3.141.59\selenium-java-3.141.59.jar;C:\Users\A\.m2\repository\org\seleniumhq\selenium\selenium-api\3.141.59\selenium-api-3.141.59.jar;C:\Users\A\.m2\repository\org\seleniumhq\selenium\selenium-chrome-driver\3.141.59\selenium-chrome-driver-3.141.59.jar;C:\Users\A\.m2\repository\org\seleniumhq\selenium\selenium-edge-driver\3.141.59\selenium-edge-driver-3.141.59.jar;C:\Users\A\.m2\repository\org\seleniumhq\selenium\selenium-firefox-driver\3.141.59\selenium-firefox-driver-3.141.59.jar;C:\Users\A\.m2\repository\org\seleniumhq\selenium\selenium-ie-driver\3.141.59\selenium-ie-driver-3.141.59.jar;C:\Users\A\.m2\repository\org\seleniumhq\selenium\selenium-opera-driver\3.141.59\selenium-opera-driver-3.141.59.jar;C:\Users\A\.m2\repository\org\seleniumhq\selenium\selenium-remote-driver\3.141.59\selenium-remote-driver-3.141.59.jar;C:\Users\A\.m2\repository\org\seleniumhq\selenium\selenium-safari-driver\3.141.59\selenium-safari-driver-3.141.59.jar;C:\Users\A\.m2\repository\org\seleniumhq\selenium\selenium-support\3.141.59\selenium-support-3.141.59.jar;C:\Users\A\.m2\repository\net\bytebuddy\byte-buddy\1.8.15\byte-buddy-1.8.15.jar;C:\Users\A\.m2\repository\org\apache\commons\commons-exec\1.3\commons-exec-1.3.jar;C:\Users\A\.m2\repository\com\google\guava\guava\25.0-jre\guava-25.0-jre.jar;C:\Users\A\.m2\repository\com\google\code\findbugs\jsr305\1.3.9\jsr305-1.3.9.jar;C:\Users\A\.m2\repository\org\checkerframework\checker-compat-qual\2.0.0\checker-compat-qual-2.0.0.jar;C:\Users\A\.m2\repository\com\google\errorprone\error_prone_annotations\2.1.3\error_prone_annotations-2.1.3.jar;C:\Users\A\.m2\repository\com\google\j2objc\j2objc-annotations\1.1\j2objc-annotations-1.1.jar;C:\Users\A\.m2\repository\org\codehaus\mojo\animal-sniffer-annotations\1.14\animal-sniffer-annotations-1.14.jar;C:\Users\A\.m2\repository\com\squareup\okhttp3\okhttp\3.11.0\okhttp-3.11.0.jar;C:\Users\A\.m2\repository\com\squareup\okio\okio\1.14.0\okio-1.14.0.jar;C:\Users\A\.m2\repository\io\github\bonigarcia\webdrivermanager\4.3.1\webdrivermanager-4.3.1.jar;C:\Users\A\.m2\repository\org\slf4j\slf4j-api\1.7.30\slf4j-api-1.7.30.jar;C:\Users\A\.m2\repository\commons-io\commons-io\2.8.0\commons-io-2.8.0.jar;C:\Users\A\.m2\repository\com\google\code\gson\gson\2.8.6\gson-2.8.6.jar;C:\Users\A\.m2\repository\org\apache\commons\commons-lang3\3.11\commons-lang3-3.11.jar;C:\Users\A\.m2\repository\org\apache\httpcomponents\client5\httpclient5\5.0.3\httpclient5-5.0.3.jar;C:\Users\A\.m2\repository\org\apache\httpcomponents\core5\httpcore5\5.0.2\httpcore5-5.0.2.jar;C:\Users\A\.m2\repository\org\apache\httpcomponents\core5\httpcore5-h2\5.0.2\httpcore5-h2-5.0.2.jar;C:\Users\A\.m2\repository\commons-codec\commons-codec\1.13\commons-codec-1.13.jar;C:\Users\A\.m2\repository\org\rauschig\jarchivelib\1.1.0\jarchivelib-1.1.0.jar;C:\Users\A\.m2\repository\org\apache\commons\commons-compress\1.20\commons-compress-1.20.jar;C:\Users\A\.m2\repository\org\jsoup\jsoup\1.13.1\jsoup-1.13.1.jar;C:\Users\A\.m2\repository\org\testng\testng\7.3.0\testng-7.3.0.jar;C:\Users\A\.m2\repository\com\beust\jcommander\1.78\jcommander-1.78.jar;C:\Users\A\.m2\repository\org\apache\ant\ant\1.10.3\ant-1.10.3.jar;C:\Users\A\.m2\repository\org\apache\ant\ant-launcher\1.10.3\ant-launcher-1.10.3.jar;C:\Users\A\.m2\repository\junit\junit\4.12\junit-4.12.jar;C:\Users\A\.m2\repository\org\hamcrest\hamcrest-core\1.3\hamcrest-core-1.3.jar;C:\Users\A\.m2\repository\com\google\inject\guice\4.2.2\guice-4.2.2-no_aop.jar;C:\Users\A\.m2\repository\javax\inject\javax.inject\1\javax.inject-1.jar;C:\Users\A\.m2\repository\aopalliance\aopalliance\1.0\aopalliance-1.0.jar;C:\Users\A\.m2\repository\org\yaml\snakeyaml\1.21\snakeyaml-1.21.jar;C:\Users\A\.m2\repository\io\cucumber\cucumber-testng\6.9.1\cucumber-testng-6.9.1.jar;C:\Users\A\.m2\repository\org\apiguardian\apiguardian-api\1.1.0\apiguardian-api-1.1.0.jar;C:\Users\A\.m2\repository\io\cucumber\cucumber-java\6.9.1\cucumber-java-6.9.1.jar;C:\Users\A\.m2\repository\io\cucumber\cucumber-core\6.10.0\cucumber-core-6.10.0.jar;C:\Users\A\.m2\repository\io\cucumber\cucumber-gherkin\6.10.0\cucumber-gherkin-6.10.0.jar;C:\Users\A\.m2\repository\io\cucumber\cucumber-gherkin-messages\6.10.0\cucumber-gherkin-messages-6.10.0.jar;C:\Users\A\.m2\repository\io\cucumber\messages\14.0.1\messages-14.0.1.jar;C:\Users\A\.m2\repository\io\cucumber\tag-expressions\3.0.0\tag-expressions-3.0.0.jar;C:\Users\A\.m2\repository\io\cucumber\cucumber-expressions\10.3.0\cucumber-expressions-10.3.0.jar;C:\Users\A\.m2\repository\io\cucumber\datatable\3.5.0\datatable-3.5.0.jar;C:\Users\A\.m2\repository\io\cucumber\cucumber-plugin\6.10.0\cucumber-plugin-6.10.0.jar;C:\Users\A\.m2\repository\io\cucumber\docstring\6.10.0\docstring-6.10.0.jar;C:\Users\A\.m2\repository\io\cucumber\html-formatter\12.0.0\html-formatter-12.0.0.jar;C:\Users\A\.m2\repository\io\cucumber\create-meta\3.0.0\create-meta-3.0.0.jar;"/>
    <property name="sun.cpu.endian" value="little"/>
    <property name="user.home" value="C:\Users\A"/>
    <property name="user.language" value="en"/>
    <property name="java.specification.vendor" value="Oracle Corporation"/>
    <property name="java.version.date" value="2020-10-20"/>
    <property name="java.home" value="C:\Program Files\Java\jdk-15.0.1"/>
    <property name="testng.dtd.http" value="true"/>
    <property name="file.separator" value="\"/>
    <property name="basedir" value="c:\Users\A\Documents\VSCode\JavaUICapstoneProject\capstone"/>
    <property name="java.vm.compressedOopsMode" value="32-bit"/>
    <property name="line.separator" value="&#10;"/>
    <property name="java.vm.specification.vendor" value="Oracle Corporation"/>
    <property name="java.specification.name" value="Java Platform API Specification"/>
    <property name="surefire.real.class.path" value="C:\Users\A\AppData\Local\Temp\surefire3630693772442901620\surefirebooter319976051018573168.jar"/>
    <property name="user.script" value=""/>
    <property name="sun.management.compiler" value="HotSpot 64-Bit Tiered Compilers"/>
    <property name="java.runtime.version" value="15.0.1+9-18"/>
    <property name="user.name" value="Austin"/>
    <property name="path.separator" value=";"/>
    <property name="os.version" value="10.0"/>
    <property name="java.runtime.name" value="Java(TM) SE Runtime Environment"/>
    <property name="file.encoding" value="Cp1252"/>
    <property name="java.vm.name" value="Java HotSpot(TM) 64-Bit Server VM"/>
    <property name="localRepository" value="C:\Users\A\.m2\repository"/>
    <property name="java.vendor.url.bug" value="https://bugreport.java.com/bugreport/"/>
    <property name="java.io.tmpdir" value="C:\Users\A\AppData\Local\Temp\"/>
    <property name="java.version" value="15.0.1"/>
    <property name="user.dir" value="c:\Users\A\Documents\VSCode\JavaUICapstoneProject\capstone"/>
    <property name="os.arch" value="amd64"/>
    <property name="java.vm.specification.name" value="Java Virtual Machine Specification"/>
    <property name="sun.os.patch.level" value=""/>
    <property name="java.library.path" value="C:\Program Files\Java\jdk-15.0.1\bin;C:\Windows\Sun\Java\bin;C:\Windows\system32;C:\Windows;C:\Program Files\Common Files\Oracle\Java\javapath;C:\Python39\Scripts\;C:\Python39\;C:\Windows\system32;C:\Windows;C:\Windows\System32\Wbem;C:\Windows\System32\WindowsPowerShell\v1.0\;C:\Windows\System32\OpenSSH\;C:\Program Files\nodejs\;C:\ProgramData\chocolatey\bin;C:\Program Files\Java\apache-maven-3.6.3\bin;C:\Program Files\Git\cmd;C:\Program Files (x86)\Pulse Secure\VC142.CRT\X64\;C:\Program Files (x86)\Pulse Secure\VC142.CRT\X86\;C:\Users\A\AppData\Local\Microsoft\WindowsApps;C:\Users\A\AppData\Roaming\npm;C:\Users\A\AppData\Local\Programs\Microsoft VS Code\bin;C:\Users\A\AppData\Local\GitHubDesktop\bin;."/>
    <property name="java.vm.info" value="mixed mode, sharing"/>
    <property name="java.vendor" value="Oracle Corporation"/>
    <property name="java.vm.version" value="15.0.1+9-18"/>
    <property name="sun.io.unicode.encoding" value="UnicodeLittle"/>
    <property name="java.class.version" value="59.0"/>
  </properties>
  <testcase name="runScenario[&quot;Verify the functionality of the Checkbox Page&quot;, &quot;Optional[Heroku Applications and Webpages]&quot;](1)" classname="com.ultranauts.cucumber.TestRunner" time="44.891">
    <system-out><![CDATA[
Scenario: Verify the functionality of the Checkbox Page &amp#27;[90m# src/test/resources/features/heroku.feature:6&amp#27;[0m
*******before SanitySmoke*******
  &amp#27;[32mGiven &amp#27;[0m&amp#27;[32mI am on the Checkbox Page&amp#27;[0m                       &amp#27;[90m# com.ultranauts.cucumber.StepDefinition.i_am_on_the_checkbox_page()&amp#27;[0m
  &amp#27;[32mWhen &amp#27;[0m&amp#27;[32mI click on all checkboxes&amp#27;[0m                        &amp#27;[90m# com.ultranauts.cucumber.StepDefinition.i_click_on_all_checkboxes()&amp#27;[0m
Confirmed all checkboxes clicked:true
  &amp#27;[32mThen &amp#27;[0m&amp#27;[32mall the checkboxes will be active&amp#27;[0m                &amp#27;[90m# com.ultranauts.cucumber.StepDefinition.all_the_checkboxes_will_be_active()&amp#27;[0m
]]></system-out>
    <system-err><![CDATA[SLF4J: Failed to load class "org.slf4j.impl.StaticLoggerBinder".
SLF4J: Defaulting to no-operation (NOP) logger implementation
SLF4J: See http://www.slf4j.org/codes.html#StaticLoggerBinder for further details.
Starting ChromeDriver 88.0.4324.96 (68dba2d8a0b149a1d3afac56fa74648032bcf46b-refs/branch-heads/4324@{#1784}) on port 43812
Only local connections are allowed.
Please see https://chromedriver.chromium.org/security-considerations for suggestions on keeping ChromeDriver safe.
ChromeDriver was started successfully.
Feb 16, 2021 4:17:52 PM org.openqa.selenium.remote.ProtocolHandshake createSession
INFO: Detected dialect: W3C
]]></system-err>
  </testcase>
  <testcase name="runScenario[&quot;Verify the behavior of the Modal Pagetitle&quot;, &quot;Optional[Heroku Applications and Webpages]&quot;](2)" classname="com.ultranauts.cucumber.TestRunner" time="16.38">
    <system-out><![CDATA[
Scenario: Verify the behavior of the Modal Pagetitle &amp#27;[90m# src/test/resources/features/heroku.feature:11&amp#27;[0m
*******before SanitySmoke*******
  &amp#27;[32mGiven &amp#27;[0m&amp#27;[32mI am on the Modal Page&amp#27;[0m                       &amp#27;[90m# com.ultranauts.cucumber.StepDefinition.i_am_on_the_modal_page()&amp#27;[0m
  &amp#27;[32mWhen &amp#27;[0m&amp#27;[32mI open the modal on the webpage&amp#27;[0m               &amp#27;[90m# com.ultranauts.cucumber.StepDefinition.i_open_the_modal_on_the_webpage()&amp#27;[0m
  &amp#27;[32mThen &amp#27;[0m&amp#27;[32mI can close it with the close button&amp#27;[0m          &amp#27;[90m# com.ultranauts.cucumber.StepDefinition.i_can_close_it_with_the_close_button()&amp#27;[0m
]]></system-out>
    <system-err><![CDATA[Starting ChromeDriver 88.0.4324.96 (68dba2d8a0b149a1d3afac56fa74648032bcf46b-refs/branch-heads/4324@{#1784}) on port 37940
Only local connections are allowed.
Please see https://chromedriver.chromium.org/security-considerations for suggestions on keeping ChromeDriver safe.
ChromeDriver was started successfully.
Feb 16, 2021 4:18:31 PM org.openqa.selenium.remote.ProtocolHandshake createSession
INFO: Detected dialect: W3C
]]></system-err>
  </testcase>
  <testcase name="runScenario[&quot;Verify Test&quot;, &quot;Optional[Heroku Applications and Webpages]&quot;](3)" classname="com.ultranauts.cucumber.TestRunner" time="12.18">
    <failure message="There were 3 undefined steps&#10;The step &quot;I am A&quot; is undefined. You can implement it using the snippet(s) below:&#10;&#10;@Given(&quot;I am A&quot;)&#10;public void i_am_a() {&#10;    // Write code here that turns the phrase above into concrete actions&#10;    throw new io.cucumber.java.PendingException();&#10;}&#10;&#10;The step &quot;I do B&quot; is undefined. You can implement it using the snippet(s) below:&#10;&#10;@When(&quot;I do B&quot;)&#10;public void i_do_b() {&#10;    // Write code here that turns the phrase above into concrete actions&#10;    throw new io.cucumber.java.PendingException();&#10;}&#10;&#10;The step &quot;I see C&quot; is undefined. You can implement it using the snippet(s) below:&#10;&#10;@Then(&quot;I see C&quot;)&#10;public void i_see_c() {&#10;    // Write code here that turns the phrase above into concrete actions&#10;    throw new io.cucumber.java.PendingException();&#10;}&#10;" type="io.cucumber.testng.UndefinedStepException"><![CDATA[io.cucumber.testng.UndefinedStepException: 
There were 3 undefined steps
The step "I am A" is undefined. You can implement it using the snippet(s) below:

@Given("I am A")
public void i_am_a() {
    // Write code here that turns the phrase above into concrete actions
    throw new io.cucumber.java.PendingException();
}

The step "I do B" is undefined. You can implement it using the snippet(s) below:

@When("I do B")
public void i_do_b() {
    // Write code here that turns the phrase above into concrete actions
    throw new io.cucumber.java.PendingException();
}

The step "I see C" is undefined. You can implement it using the snippet(s) below:

@Then("I see C")
public void i_see_c() {
    // Write code here that turns the phrase above into concrete actions
    throw new io.cucumber.java.PendingException();
}

]]></failure>
    <system-out><![CDATA[
Scenario: Verify Test &amp#27;[90m# src/test/resources/features/heroku.feature:16&amp#27;[0m
*******before SanitySmoke*******
  &amp#27;[33mGiven &amp#27;[0m&amp#27;[33mI am A&amp#27;[0m        &amp#27;[90m# null&amp#27;[0m
  &amp#27;[36mWhen &amp#27;[0m&amp#27;[36mI do B&amp#27;[0m         &amp#27;[90m# null&amp#27;[0m
  &amp#27;[36mThen &amp#27;[0m&amp#27;[36mI see C&amp#27;[0m        &amp#27;[90m# null&amp#27;[0m
]]></system-out>
    <system-err><![CDATA[Starting ChromeDriver 88.0.4324.96 (68dba2d8a0b149a1d3afac56fa74648032bcf46b-refs/branch-heads/4324@{#1784}) on port 17029
Only local connections are allowed.
Please see https://chromedriver.chromium.org/security-considerations for suggestions on keeping ChromeDriver safe.
ChromeDriver was started successfully.
Feb 16, 2021 4:18:47 PM org.openqa.selenium.remote.ProtocolHandshake createSession
INFO: Detected dialect: W3C
]]></system-err>
  </testcase>
  <testcase name="runScenario[&quot;Verify that the Date Picker can choose several dates&quot;, &quot;Optional[Heroku Applications and Webpages]&quot;](4)" classname="com.ultranauts.cucumber.TestRunner" time="70.457">
    <system-out><![CDATA[
Scenario Outline: Verify that the Date Picker can choose several dates &amp#27;[90m# src/test/resources/features/heroku.feature:29&amp#27;[0m
*******before SanitySmoke*******
  &amp#27;[32mGiven &amp#27;[0m&amp#27;[32mI am on the Datepicker Page&amp#27;[0m                                    &amp#27;[90m# com.ultranauts.cucumber.StepDefinition.i_am_on_the_datepicker_page()&amp#27;[0m
  &amp#27;[32mWhen &amp#27;[0m&amp#27;[32mI click on the text field&amp#27;[0m                                       &amp#27;[90m# com.ultranauts.cucumber.StepDefinition.i_click_on_the_text_field()&amp#27;[0m
  &amp#27;[32mThen &amp#27;[0m&amp#27;[32mI can select a date with &amp#27;[0m&amp#27;[32m&amp#27;[1m16&amp#27;[0m&amp#27;[32m, &amp#27;[0m&amp#27;[32m&amp#27;[1m10&amp#27;[0m&amp#27;[32m, and &amp#27;[0m&amp#27;[32m&amp#27;[1m2010&amp#27;[0m                       &amp#27;[90m# com.ultranauts.cucumber.StepDefinition.i_can_select_a_date_with_and(int,int,int)&amp#27;[0m
2010-10-16
  &amp#27;[32mAnd &amp#27;[0m&amp#27;[32mthe full date should display on the text field&amp#27;[0m                   &amp#27;[90m# com.ultranauts.cucumber.StepDefinition.the_full_date_should_display_on_the_text_field()&amp#27;[0m
]]></system-out>
    <system-err><![CDATA[Starting ChromeDriver 88.0.4324.96 (68dba2d8a0b149a1d3afac56fa74648032bcf46b-refs/branch-heads/4324@{#1784}) on port 46586
Only local connections are allowed.
Please see https://chromedriver.chromium.org/security-considerations for suggestions on keeping ChromeDriver safe.
ChromeDriver was started successfully.
Feb 16, 2021 4:19:01 PM org.openqa.selenium.remote.ProtocolHandshake createSession
INFO: Detected dialect: W3C
]]></system-err>
  </testcase>
  <testcase name="runScenario[&quot;Verify that the Date Picker can choose several dates&quot;, &quot;Optional[Heroku Applications and Webpages]&quot;](5)" classname="com.ultranauts.cucumber.TestRunner" time="36.634">
    <system-out><![CDATA[
Scenario Outline: Verify that the Date Picker can choose several dates &amp#27;[90m# src/test/resources/features/heroku.feature:30&amp#27;[0m
*******before SanitySmoke*******
  &amp#27;[32mGiven &amp#27;[0m&amp#27;[32mI am on the Datepicker Page&amp#27;[0m                                    &amp#27;[90m# com.ultranauts.cucumber.StepDefinition.i_am_on_the_datepicker_page()&amp#27;[0m
  &amp#27;[32mWhen &amp#27;[0m&amp#27;[32mI click on the text field&amp#27;[0m                                       &amp#27;[90m# com.ultranauts.cucumber.StepDefinition.i_click_on_the_text_field()&amp#27;[0m
  &amp#27;[32mThen &amp#27;[0m&amp#27;[32mI can select a date with &amp#27;[0m&amp#27;[32m&amp#27;[1m03&amp#27;[0m&amp#27;[32m, &amp#27;[0m&amp#27;[32m&amp#27;[1m8&amp#27;[0m&amp#27;[32m, and &amp#27;[0m&amp#27;[32m&amp#27;[1m2015&amp#27;[0m                        &amp#27;[90m# com.ultranauts.cucumber.StepDefinition.i_can_select_a_date_with_and(int,int,int)&amp#27;[0m
2015-07-30
  &amp#27;[32mAnd &amp#27;[0m&amp#27;[32mthe full date should display on the text field&amp#27;[0m                   &amp#27;[90m# com.ultranauts.cucumber.StepDefinition.the_full_date_should_display_on_the_text_field()&amp#27;[0m
]]></system-out>
    <system-err><![CDATA[Starting ChromeDriver 88.0.4324.96 (68dba2d8a0b149a1d3afac56fa74648032bcf46b-refs/branch-heads/4324@{#1784}) on port 12237
Only local connections are allowed.
Please see https://chromedriver.chromium.org/security-considerations for suggestions on keeping ChromeDriver safe.
ChromeDriver was started successfully.
Feb 16, 2021 4:20:10 PM org.openqa.selenium.remote.ProtocolHandshake createSession
INFO: Detected dialect: W3C
]]></system-err>
  </testcase>
  <testcase name="runScenario[&quot;Verify that the Date Picker can choose several dates&quot;, &quot;Optional[Heroku Applications and Webpages]&quot;](6)" classname="com.ultranauts.cucumber.TestRunner" time="75.221">
    <system-out><![CDATA[
Scenario Outline: Verify that the Date Picker can choose several dates &amp#27;[90m# src/test/resources/features/heroku.feature:31&amp#27;[0m
*******before SanitySmoke*******
  &amp#27;[32mGiven &amp#27;[0m&amp#27;[32mI am on the Datepicker Page&amp#27;[0m                                    &amp#27;[90m# com.ultranauts.cucumber.StepDefinition.i_am_on_the_datepicker_page()&amp#27;[0m
  &amp#27;[32mWhen &amp#27;[0m&amp#27;[32mI click on the text field&amp#27;[0m                                       &amp#27;[90m# com.ultranauts.cucumber.StepDefinition.i_click_on_the_text_field()&amp#27;[0m
  &amp#27;[32mThen &amp#27;[0m&amp#27;[32mI can select a date with &amp#27;[0m&amp#27;[32m&amp#27;[1m24&amp#27;[0m&amp#27;[32m, &amp#27;[0m&amp#27;[32m&amp#27;[1m5&amp#27;[0m&amp#27;[32m, and &amp#27;[0m&amp#27;[32m&amp#27;[1m2000&amp#27;[0m                        &amp#27;[90m# com.ultranauts.cucumber.StepDefinition.i_can_select_a_date_with_and(int,int,int)&amp#27;[0m
2000-05-24
  &amp#27;[32mAnd &amp#27;[0m&amp#27;[32mthe full date should display on the text field&amp#27;[0m                   &amp#27;[90m# com.ultranauts.cucumber.StepDefinition.the_full_date_should_display_on_the_text_field()&amp#27;[0m
]]></system-out>
    <system-err><![CDATA[Starting ChromeDriver 88.0.4324.96 (68dba2d8a0b149a1d3afac56fa74648032bcf46b-refs/branch-heads/4324@{#1784}) on port 17893
Only local connections are allowed.
Please see https://chromedriver.chromium.org/security-considerations for suggestions on keeping ChromeDriver safe.
ChromeDriver was started successfully.
Feb 16, 2021 4:20:48 PM org.openqa.selenium.remote.ProtocolHandshake createSession
INFO: Detected dialect: W3C
]]></system-err>
  </testcase>
</testsuite>