<?xml version="1.0" encoding="UTF-8"?>
<!-- Generated by org.testng.reporters.JUnitReportReporter -->
<testsuite hostname="Fibonacci" failures="0" tests="2" name="com.ultranauts.pagetests.HomePageTest" time="13.891" errors="0" timestamp="2021-02-05T06:39:10 CST" skipped="0">
  <testcase classname="com.ultranauts.pagetests.HomePageTest" name="homePageLinks" time="6.338"/>
  <system-out/>
  <testcase classname="com.ultranauts.pagetests.HomePageTest" name="autoPageForm" time="7.553"/>
  <system-out/>
</testsuite> <!-- com.ultranauts.pagetests.HomePageTest -->
