<?xml version="1.0" encoding="UTF-8"?>
<!-- Generated by org.testng.reporters.JUnitReportReporter -->
<testsuite hostname="Fibonacci" failures="0" tests="4" name="com.ultranauts.pagetests.BaseTest" time="37.252" errors="0" timestamp="2021-02-06T03:32:01 CST" skipped="0">
  <testcase classname="com.ultranauts.pagetests.BaseTest" name="homePageLinks" time="5.427"/>
  <system-out/>
  <testcase classname="com.ultranauts.pagetests.BaseTest" name="homePageLinks" time="11.889"/>
  <system-out/>
  <testcase classname="com.ultranauts.pagetests.BaseTest" name="autoPageForm" time="7.066"/>
  <system-out/>
  <testcase classname="com.ultranauts.pagetests.BaseTest" name="autoPageForm" time="12.870"/>
  <system-out/>
</testsuite> <!-- com.ultranauts.pagetests.BaseTest -->
