<?xml version="1.0" encoding="UTF-8"?>
<!-- Generated by org.testng.reporters.JUnitReportReporter -->
<testsuite hostname="Fibonacci" failures="0" tests="3" name="com.ultranauts.pagetests.HerokuAutoCompleteTests" time="25.614" errors="0" timestamp="2021-02-09T03:52:58 CST" skipped="0">
  <testcase classname="com.ultranauts.pagetests.HerokuAutoCompleteTests" name="autoPageFormEnterText" time="8.493"/>
  <system-out/>
  <testcase classname="com.ultranauts.pagetests.HerokuAutoCompleteTests" name="autoPageFormEnterText" time="9.839"/>
  <system-out/>
  <testcase classname="com.ultranauts.pagetests.HerokuAutoCompleteTests" name="autoPageFormEnterText" time="7.282"/>
  <system-out/>
</testsuite> <!-- com.ultranauts.pagetests.HerokuAutoCompleteTests -->
