<?xml version="1.0" encoding="UTF-8"?>
<!-- Generated by org.testng.reporters.JUnitReportReporter -->
<testsuite hostname="Fibonacci" failures="0" tests="3" name="com.ultranauts.pagetests.HerokuHomePageTests" time="30.742" errors="0" timestamp="2021-02-09T03:52:58 CST" skipped="0">
  <testcase classname="com.ultranauts.pagetests.HerokuHomePageTests" name="homePageLinks" time="12.534"/>
  <system-out/>
  <testcase classname="com.ultranauts.pagetests.HerokuHomePageTests" name="homePageLinks" time="10.590"/>
  <system-out/>
  <testcase classname="com.ultranauts.pagetests.HerokuHomePageTests" name="homePageLinks" time="7.618"/>
  <system-out/>
</testsuite> <!-- com.ultranauts.pagetests.HerokuHomePageTests -->
